[08/07/2025 23:44:57] [INFO] No cached endpoint configuration found, will detect
[08/07/2025 23:44:57] [INFO] Performing endpoint auto-detection...
[08/07/2025 23:44:57] [INFO] Attempting to detect FR24 feeder port...
[08/07/2025 23:44:57] [INFO] Checking listening ports with ss command...
[08/07/2025 23:44:57] [INFO] Testing common FR24 ports...
[08/07/2025 23:44:57] [INFO] Testing port 8754...
[08/07/2025 23:44:57] [INFO] Testing port 8080...
[08/07/2025 23:44:57] [INFO] Testing port 8088...
[08/07/2025 23:44:57] [INFO] Testing port 9000...
[08/07/2025 23:44:57] [INFO] Testing port 9090...
[08/07/2025 23:44:57] [INFO] Checking systemd service configuration...
[08/07/2025 23:44:57] [INFO] Checking configuration files...
[08/07/2025 23:44:57] [WARN] Could not detect FR24 feeder port, using default: 8754
[08/07/2025 23:44:57] [INFO] Auto-detected FR24 endpoint: http://localhost:8754/monitor.json
[08/07/2025 23:44:57] [WARN] Auto-detected endpoint not responsive, you may need to specify --endpoint manually
[08/07/2025 23:44:57] [INFO] Starting FR24 monitoring check
[08/07/2025 23:44:57] [INFO] Current system uptime: 14 hours
[08/07/2025 23:44:57] [INFO] Fetching data from: http://localhost:8754/monitor.json
[08/07/2025 23:44:57] [ERROR] Failed to fetch data from http://localhost:8754/monitor.json
[08/07/2025 23:44:57] [WARN] Endpoint unavailable - attempting to restart FR24 service
[08/07/2025 23:44:57] [INFO] Attempting to restart FR24 service: fr24feed
[08/07/2025 23:44:57] [INFO] DRY RUN: Would restart service now
[08/07/2025 23:44:57] [INFO] DRY RUN: Command that would be executed: sudo systemctl restart fr24feed
[08/07/2025 23:44:57] [INFO] Service restarted, waiting 30 seconds before retry...
[08/07/2025 23:45:27] [INFO] Retrying connection after service restart...
[08/07/2025 23:45:27] [ERROR] Still cannot connect after service restart
[08/07/2025 23:45:27] [ERROR] Failed to get FR24 statistics - monitoring check failed
[08/07/2025 23:46:02] [INFO] No cached endpoint configuration found, will detect
[08/07/2025 23:46:02] [INFO] Performing endpoint auto-detection...
[08/07/2025 23:46:02] [INFO] Attempting to detect FR24 feeder port...
[08/07/2025 23:46:02] [INFO] Checking listening ports with ss command...
[08/07/2025 23:46:02] [INFO] Testing common FR24 ports...
[08/07/2025 23:46:02] [INFO] Testing port 8754...
[08/07/2025 23:46:02] [INFO] Testing port 8080...
[08/07/2025 23:46:02] [INFO] Testing port 8088...
[08/07/2025 23:46:02] [INFO] Testing port 9000...
[08/07/2025 23:46:02] [INFO] Testing port 9090...
[08/07/2025 23:46:02] [INFO] Checking systemd service configuration...
[08/07/2025 23:46:02] [INFO] Checking configuration files...
[08/07/2025 23:46:02] [WARN] Could not detect FR24 feeder port, using default: 8754
[08/07/2025 23:46:02] [INFO] Auto-detected FR24 endpoint: http://localhost:8754/monitor.json
[08/07/2025 23:46:02] [WARN] Auto-detected endpoint not responsive, you may need to specify --endpoint manually
[08/07/2025 23:46:02] [INFO] Starting FR24 monitoring check
[08/07/2025 23:46:02] [INFO] Fetching data from: http://localhost:8754/monitor.json
[08/07/2025 23:46:02] [ERROR] Failed to fetch data from http://localhost:8754/monitor.json
[08/07/2025 23:46:02] [WARN] Endpoint unavailable - attempting to restart FR24 service
[08/07/2025 23:46:02] [INFO] Attempting to restart FR24 service: fr24feed
[08/07/2025 23:46:02] [INFO] DRY RUN: Would restart service now
[08/07/2025 23:46:02] [INFO] DRY RUN: Command that would be executed: sudo systemctl restart fr24feed
[08/07/2025 23:46:02] [INFO] Service restarted, waiting 30 seconds before retry...
[08/07/2025 23:46:32] [INFO] Retrying connection after service restart...
[08/07/2025 23:46:32] [ERROR] Still cannot connect after service restart
[08/07/2025 23:46:32] [ERROR] Failed to get FR24 statistics - monitoring check failed
[08/07/2025 23:50:01] [INFO] No cached endpoint configuration found, will detect
[08/07/2025 23:50:01] [INFO] Performing endpoint auto-detection...
[08/07/2025 23:50:01] [INFO] Attempting to detect FR24 feeder port...
[08/07/2025 23:50:01] [INFO] Checking listening ports with ss command...
[08/07/2025 23:50:01] [INFO] Testing common FR24 ports...
[08/07/2025 23:50:01] [INFO] Testing port 8754...
[08/07/2025 23:50:01] [INFO] Testing port 8080...
[08/07/2025 23:50:01] [INFO] Testing port 8088...
[08/07/2025 23:50:01] [INFO] Testing port 9000...
[08/07/2025 23:50:01] [INFO] Testing port 9090...
[08/07/2025 23:50:01] [INFO] Checking systemd service configuration...
[08/07/2025 23:50:01] [INFO] Checking configuration files...
[08/07/2025 23:50:01] [WARN] Could not detect FR24 feeder port, using default: 8754
[08/07/2025 23:50:01] [INFO] Auto-detected FR24 endpoint: http://localhost:8754/monitor.json
[08/07/2025 23:50:01] [WARN] Auto-detected endpoint not responsive, you may need to specify --endpoint manually
[08/07/2025 23:50:01] [INFO] Starting FR24 monitoring check
[08/07/2025 23:50:01] [INFO] Fetching data from: http://localhost:8754/monitor.json
[08/07/2025 23:50:01] [ERROR] Failed to fetch data from http://localhost:8754/monitor.json
[08/07/2025 23:50:01] [WARN] Endpoint unavailable - attempting to restart FR24 service
[08/07/2025 23:50:01] [INFO] Attempting to restart FR24 service: fr24feed
[08/07/2025 23:50:02] [ERROR] Service 'fr24feed' not found in systemctl
[08/07/2025 23:50:02] [INFO] Available services matching 'fr24': 
[08/07/2025 23:50:02] [ERROR] Service restart failed, endpoint still unavailable
[08/07/2025 23:50:02] [ERROR] Failed to get FR24 statistics - monitoring check failed
[08/07/2025 23:50:19] [INFO] Starting FR24 monitoring check
[08/07/2025 23:50:19] [INFO] Current system uptime: 14 hours
[08/07/2025 23:50:19] [INFO] Fetching data from: http://httpbin.org/json
[08/07/2025 23:50:19] [INFO] Successfully fetched data from FR24 endpoint (462ms)
[08/07/2025 23:50:19] [INFO] JSON response validated successfully
[08/07/2025 23:50:19] [INFO] Feed status: unknown, Server: unknown
[08/07/2025 23:50:19] [ERROR] Could not parse 'feed_num_ac_tracked' value. Got: ''
[08/07/2025 23:50:20] [INFO] Available JSON keys: slideshow 
[08/07/2025 23:50:20] [ERROR] Failed to get FR24 statistics - monitoring check failed
[09/07/2025 00:00:24] [INFO] No cached endpoint configuration found, will detect
[09/07/2025 00:00:24] [INFO] Using standard FR24 endpoint: http://localhost:8754/monitor.json
[09/07/2025 00:00:24] [WARN] Standard FR24 endpoint not responsive, may need service restart
[09/07/2025 00:00:24] [INFO] Starting FR24 monitoring check
[09/07/2025 00:00:24] [INFO] Current system uptime: 14 hours
[09/07/2025 00:00:24] [INFO] Fetching data from: http://localhost:8754/monitor.json
[09/07/2025 00:00:24] [ERROR] Failed to fetch data from http://localhost:8754/monitor.json
[09/07/2025 00:00:24] [WARN] Endpoint unavailable - attempting to restart FR24 service
[09/07/2025 00:00:24] [INFO] Attempting to restart FR24 service: fr24feed
[09/07/2025 00:00:24] [INFO] DRY RUN: Would restart service now
[09/07/2025 00:00:24] [INFO] DRY RUN: Command that would be executed: sudo systemctl restart fr24feed
[09/07/2025 00:00:24] [INFO] Service restarted, waiting 30 seconds before retry...
[09/07/2025 00:00:54] [INFO] Retrying connection after service restart...
[09/07/2025 00:00:54] [ERROR] Still cannot connect after service restart
[09/07/2025 00:00:54] [ERROR] Failed to get FR24 statistics - monitoring check failed
[09/07/2025 00:01:14] [INFO] Starting FR24 monitoring check
[09/07/2025 00:01:14] [INFO] Current system uptime: 14 hours
[09/07/2025 00:01:14] [INFO] Fetching data from: http://httpbin.org/status/200
[09/07/2025 00:01:14] [INFO] Successfully fetched data from FR24 endpoint (173ms)
[09/07/2025 00:01:14] [INFO] JSON response validated successfully
[09/07/2025 00:01:14] [INFO] Feed status: , Server: 
[09/07/2025 00:01:14] [ERROR] Could not parse 'feed_num_ac_tracked' value. Got: ''
[09/07/2025 00:01:15] [INFO] Available JSON keys: 
[09/07/2025 00:01:15] [ERROR] Failed to get FR24 statistics - monitoring check failed
[09/07/2025 00:01:25] [INFO] Starting FR24 monitoring check
[09/07/2025 00:01:25] [INFO] Current system uptime: 14 hours
[09/07/2025 00:01:25] [INFO] Fetching data from: http://192.168.1.100:8754/monitor.json
[09/07/2025 00:01:28] [ERROR] Failed to fetch data from http://192.168.1.100:8754/monitor.json
[09/07/2025 00:01:28] [WARN] Endpoint unavailable - attempting to restart FR24 service
[09/07/2025 00:01:28] [INFO] Attempting to restart FR24 service: fr24feed
[09/07/2025 00:01:28] [INFO] DRY RUN: Would restart service now
[09/07/2025 00:01:28] [INFO] DRY RUN: Command that would be executed: sudo systemctl restart fr24feed
[09/07/2025 00:01:28] [INFO] Service restarted, waiting 30 seconds before retry...
[09/07/2025 00:01:58] [INFO] Retrying connection after service restart...
[09/07/2025 00:02:02] [ERROR] Still cannot connect after service restart
[09/07/2025 00:02:02] [ERROR] Failed to get FR24 statistics - monitoring check failed
