2025-07-08 23:53:33: (server.c.1939) server started (lighttpd/1.4.74)
2025-07-08 23:53:35: (gw_backend.c.288) establishing connection failed: socket: unix:/run/php/php8.3-fpm.sock: Permission denied
2025-07-08 23:53:35: (gw_backend.c.971) all handlers for /index.php? on .php are down.
2025-07-08 23:53:37: (gw_backend.c.365) gw-server re-enabled: unix:/run/php/php8.3-fpm.sock  0 /run/php/php8.3-fpm.sock
2025-07-08 23:53:41: (gw_backend.c.288) establishing connection failed: socket: unix:/run/php/php8.3-fpm.sock: Permission denied
2025-07-08 23:53:41: (gw_backend.c.971) all handlers for /index.php? on .php are down.
2025-07-08 23:53:44: (gw_backend.c.365) gw-server re-enabled: unix:/run/php/php8.3-fpm.sock  0 /run/php/php8.3-fpm.sock
2025-07-08 23:54:26: (gw_backend.c.288) establishing connection failed: socket: unix:/run/php/php8.3-fpm.sock: Permission denied
2025-07-08 23:54:26: (gw_backend.c.971) all handlers for /index.php? on .php are down.
2025-07-08 23:54:28: (gw_backend.c.365) gw-server re-enabled: unix:/run/php/php8.3-fpm.sock  0 /run/php/php8.3-fpm.sock
2025-07-08 23:55:06: (gw_backend.c.288) establishing connection failed: socket: unix:/run/php/php8.3-fpm.sock: Permission denied
2025-07-08 23:55:06: (gw_backend.c.971) all handlers for /index.php? on .php are down.
2025-07-08 23:55:09: (gw_backend.c.365) gw-server re-enabled: unix:/run/php/php8.3-fpm.sock  0 /run/php/php8.3-fpm.sock
2025-07-08 23:55:22: (server.c.2350) server stopped by UID = 1000 PID = 423826
2025-07-08 23:55:23: (server.c.1939) server started (lighttpd/1.4.74)
2025-07-08 23:55:23: (gw_backend.c.1632) invalid "bin-path" => "/usr/bin/php-cgi" (check that file exists, is regular file, and is executable by lighttpd)
2025-07-08 23:55:23: (gw_backend.c.653) gw-backend failed to start: /usr/bin/php-cgi: No such file or directory
2025-07-08 23:55:23: (gw_backend.c.1712) [ERROR]: spawning gw failed.
2025-07-08 23:55:23: (server.c.1943) Configuration of plugins failed. Going down.
2025-07-08 23:55:47: (server.c.1939) server started (lighttpd/1.4.74)
2025-07-08 23:55:47: (gw_backend.c.533) connect() /tmp/php.socket-0: Connection refused
